<?xml version="1.0" encoding="UTF-8"?>
<!-- Generated by org.testng.reporters.JUnitReportReporter -->
<testsuite hostname="LAPTOP-IDCSV3I0" failures="0" tests="1" name="driverFactory.AppTest" time="38.188" errors="0" timestamp="2024-11-13T22:34:33 IST" skipped="0">
  <testcase classname="driverFactory.AppTest" name="kickStart" time="38.188">
    <system-out>
      <![CDATA[No of rows are::4
Stock-000003425    Stock-000003425]]>
    </system-out>
  </testcase> <!-- kickStart -->
  <system-out>
    <![CDATA[No of rows are::4
Stock-000003425    Stock-000003425]]>
  </system-out>
</testsuite> <!-- driverFactory.AppTest -->
